2024-02-20 14:54:13,624 - DEBUG - An error occurred: IMEI too short
2024-02-20 15:33:45,528 - DEBUG - An error occurred: IMEI too short
2024-02-20 15:50:45,408 - DEBUG - An error occurred: IMEI too short
2024-02-20 15:50:52,498 - DEBUG - An error occurred: IMEI too long
2024-02-20 15:56:08,680 - DEBUG - An error occurred: IMEI too short
2024-02-20 15:56:14,840 - DEBUG - An error occurred: IMEI too long
2024-02-20 16:18:21,266 - DEBUG - An error occurred: IMEI too short
2024-02-20 16:18:24,486 - ERROR - Invalid state entered: NG - Invalid state entered: NG
2024-02-20 16:18:28,046 - ERROR - Invalid state entered: PL - Invalid state entered: PL
2024-02-22 11:44:22,527 - DEBUG - An error occurred: IMEI too short
2024-02-22 11:47:09,470 - DEBUG - An error occurred: IMEI too short
2024-02-23 09:38:30,298 - DEBUG - An error occurred: IMEI too short
2024-02-23 09:38:30,300 - DEBUG - An error occurred: IMEI too short
2024-02-23 09:46:42,713 - DEBUG - An error occurred: IMEI too short
2024-02-23 09:46:44,391 - DEBUG - An error occurred: IMEI too short
2024-02-23 09:46:48,447 - DEBUG - An error occurred: IMEI too short
2024-02-23 09:46:51,983 - DEBUG - An error occurred: IMEI too short
2024-02-23 09:48:09,501 - DEBUG - An error occurred: IMEI too short
2024-02-23 09:48:12,048 - DEBUG - An error occurred: IMEI too short
2024-02-23 10:00:09,060 - DEBUG - An error occurred: IMEI too short
2024-02-23 10:00:10,770 - DEBUG - An error occurred: IMEI too short
2024-02-23 10:00:55,634 - DEBUG - An error occurred: IMEI too short
2024-02-23 10:00:56,211 - DEBUG - An error occurred: IMEI too short
2024-02-23 10:02:18,867 - DEBUG - An error occurred: IMEI too short
2024-02-23 10:02:19,403 - DEBUG - An error occurred: IMEI too short
2024-02-23 10:03:51,430 - DEBUG - An error occurred: IMEI too short
2024-02-23 10:03:52,820 - DEBUG - An error occurred: IMEI too short
2024-02-23 10:05:25,941 - DEBUG - An error occurred: IMEI too short
2024-02-23 10:35:05,662 - DEBUG - An error occurred: Blank box
2024-02-23 10:35:17,183 - DEBUG - An error occurred: Blank box
2024-02-23 11:25:12,971 - DEBUG - An error occurred: IMEI too short
2024-02-23 11:25:18,683 - DEBUG - An error occurred: IMEI too long
2024-02-23 11:27:45,796 - DEBUG - An error occurred: IMEI too short
2024-02-23 11:38:03,192 - DEBUG - An error occurred: IMEI too short
2024-02-23 11:45:41,107 - DEBUG - An error occurred: IMEI too long
2024-02-23 11:45:44,444 - DEBUG - An error occurred: IMEI too short
2024-02-23 11:59:06,080 - DEBUG - An error occurred: IMEI too short
2024-02-23 11:59:09,687 - DEBUG - An error occurred: IMEI too long
2024-02-23 11:59:29,061 - ERROR - Invalid state entered: WS - Invalid state entered: WS
2024-02-23 12:56:23,541 - DEBUG - An error occurred: IMEI too short
2024-02-23 12:56:29,884 - DEBUG - An error occurred: IMEI too long
2024-02-23 12:57:51,453 - DEBUG - An error occurred: IMEI too short
2024-02-23 13:15:54,824 - DEBUG - An error occurred: IMEI too long
2024-02-23 13:16:58,132 - DEBUG - An error occurred: IMEI too short
2024-02-23 13:25:17,723 - DEBUG - An error occurred: IMEI too short
2024-02-23 13:25:21,338 - DEBUG - An error occurred: IMEI too long
2024-02-23 13:25:27,912 - ERROR - Invalid state entered: N - Invalid state entered: N
2024-02-23 13:38:24,760 - DEBUG - An error occurred: IMEI too short
2024-02-23 13:40:03,150 - DEBUG - An error occurred: IMEI too long
2024-02-23 13:40:37,767 - DEBUG - An error occurred: IMEI too short
2024-02-23 13:40:59,454 - DEBUG - An error occurred: IMEI too short
2024-02-23 13:41:01,438 - DEBUG - An error occurred: IMEI too short
2024-02-26 13:40:56,807 - DEBUG - An error occurred: Blank box
2024-02-26 13:48:56,427 - ERROR - Invalid state entered:  - Invalid state entered: 
2024-02-26 13:51:43,693 - ERROR - Invalid state entered:  - Invalid state entered: 
2024-02-28 09:36:10,455 - DEBUG - An error occurred: IMEI too short
2024-02-28 09:36:12,147 - DEBUG - An error occurred: IMEI too short
2024-02-28 09:36:13,326 - DEBUG - An error occurred: IMEI too short
2024-02-28 09:36:14,807 - DEBUG - An error occurred: IMEI too short
2024-02-28 11:32:01,625 - DEBUG - Empty Boxes
2024-02-28 15:05:47,083 - DEBUG - An error occurred: Blank box
2024-02-28 15:05:51,335 - DEBUG - An error occurred: Blank box
2024-02-28 15:06:08,901 - DEBUG - An error occurred: Blank box
2024-02-28 15:06:10,884 - DEBUG - An error occurred: Blank box
2024-02-28 15:12:36,943 - DEBUG - An error occurred: Blank box
2024-03-07 17:33:22,331 - DEBUG - Empty Boxes
2024-03-07 17:33:23,775 - ERROR - Invalid state entered:  - Invalid state entered: 
2024-03-07 17:33:27,104 - ERROR - Invalid state entered:  - Invalid state entered: 
2024-03-07 17:33:41,977 - DEBUG - An error occurred: Blank box
2024-03-07 17:33:43,397 - DEBUG - An error occurred: Blank box
2024-03-07 17:33:45,198 - DEBUG - An error occurred: Blank box
2024-03-07 17:33:46,488 - DEBUG - An error occurred: Blank box
2024-03-07 17:33:54,773 - DEBUG - An error occurred: IMEI too long
2024-03-07 17:33:57,788 - DEBUG - An error occurred: IMEI too long
2024-03-07 17:34:00,229 - DEBUG - An error occurred: IMEI too long
2024-03-07 17:34:06,256 - DEBUG - An error occurred: IMEI too short
2024-03-07 17:34:08,135 - DEBUG - An error occurred: IMEI too short
2024-03-07 17:34:10,173 - DEBUG - An error occurred: IMEI too short
2024-03-07 17:34:11,602 - DEBUG - An error occurred: IMEI too short
2024-03-07 17:34:12,971 - DEBUG - An error occurred: IMEI too short
2024-03-07 17:34:17,686 - DEBUG - An error occurred: IMEI too short
