2024-02-19 09:21:05,657 - DEBUG - Invalid state entered: FDSFDS
2024-02-19 09:26:09,265 - DEBUG - Invalid state entered: SFDSAF
2024-02-19 09:26:10,985 - DEBUG - Invalid state entered: SFDSAF
2024-02-19 09:39:55,893 - DEBUG - An error occurred: Blank box
2024-02-19 09:40:12,123 - DEBUG - An error occurred: Blank box
2024-02-19 09:40:17,444 - DEBUG - An error occurred: IMEI too short
2024-02-19 09:40:22,135 - DEBUG - An error occurred: IMEI too long
2024-02-19 09:40:32,892 - DEBUG - An error occurred: Includes a letter.
2024-02-19 09:40:38,319 - DEBUG - Invalid state entered: BGFN
2024-02-19 09:40:41,314 - DEBUG - Invalid state entered: BGFN
2024-02-19 09:50:29,168 - DEBUG - An error occurred: Blank box
2024-02-19 11:48:49,474 - DEBUG - An error occurred: Blank box
2024-02-19 16:30:34,172 - DEBUG - An error occurred: Blank box
2024-02-19 16:30:38,105 - DEBUG - An error occurred: IMEI too short
2024-02-19 16:30:41,096 - DEBUG - An error occurred: IMEI too long
2024-02-19 16:30:50,714 - DEBUG - An error occurred: Includes a letter.
2024-02-19 16:30:56,219 - DEBUG - Invalid state entered: ASAD
2024-02-19 16:42:06,530 - DEBUG - An error occurred: Blank box
2024-02-19 16:42:08,020 - DEBUG - An error occurred: Blank box
2024-02-19 16:42:09,410 - DEBUG - An error occurred: Blank box
2024-02-19 16:42:11,563 - DEBUG - Invalid state entered: 
2024-02-19 16:46:42,631 - DEBUG - An error occurred: IMEI too short
2024-02-19 16:47:47,898 - DEBUG - An error occurred: IMEI too short
2024-02-19 16:47:50,995 - DEBUG - An error occurred: IMEI too long
